<?xml version="1.0" encoding="UTF-8"?>
<!-- Generated by org.testng.reporters.JUnitXMLReporter -->
<testsuite hostname="ali-6c96cfe09833.local" ignored="3" name="Command line test" tests="9" failures="0" timestamp="29 四月 2019 09:50:04 GMT" time="42.8" errors="0">
  <testcase name="testClassForName" time="42.795" classname="buwai.research.java.efficientreflection.TestClassReflection"/>
  <testcase name="testClassGet" time="0.0" classname="buwai.research.java.efficientreflection.TestClassReflection"/>
  <testcase name="testDeclaredMethod" time="0.0" classname="buwai.research.java.efficientreflection.TestMethodReflection"/>
  <testcase name="testInvoke" time="0.0" classname="buwai.research.java.efficientreflection.TestMethodReflection"/>
  <testcase name="testInvokeWithAccessible" time="0.0" classname="buwai.research.java.efficientreflection.TestMethodReflection"/>
  <testcase name="testNormalInvoke" time="0.001" classname="buwai.research.java.efficientreflection.TestMethodReflection"/>
  <testcase name="testNew" time="0.0" classname="buwai.research.java.efficientreflection.TestNewInstanceReflection"/>
  <testcase name="testNewInstance1" time="0.001" classname="buwai.research.java.efficientreflection.TestNewInstanceReflection"/>
  <testcase name="testNewInstance2" time="0.0" classname="buwai.research.java.efficientreflection.TestNewInstanceReflection"/>
  <testcase name="@BeforeTest before" time="0.0" classname="buwai.research.java.efficientreflection.BaseTest">
    <ignored/>
  </testcase> <!-- @BeforeTest before -->
  <testcase name="@BeforeTest before" time="0.0" classname="buwai.research.java.efficientreflection.BaseTest">
    <ignored/>
  </testcase> <!-- @BeforeTest before -->
  <testcase name="@BeforeTest before" time="0.0" classname="buwai.research.java.efficientreflection.BaseTest">
    <ignored/>
  </testcase> <!-- @BeforeTest before -->
</testsuite> <!-- Command line test -->
